[debug] [2024-07-31T06:14:43.791Z] ----------------------------------------------------------------------
[debug] [2024-07-31T06:14:43.797Z] Command:       C:\Program Files\nodejs\node.exe C:\Users\Satra Shufi\AppData\Roaming\npm\node_modules\firebase-tools\lib\bin\firebase.js init
[debug] [2024-07-31T06:14:43.797Z] CLI Version:   13.14.2
[debug] [2024-07-31T06:14:43.798Z] Platform:      win32
[debug] [2024-07-31T06:14:43.798Z] Node Version:  v21.7.2
[debug] [2024-07-31T06:14:43.798Z] Time:          Wed Jul 31 2024 13:14:43 GMT+0700 (Indochina Time)
[debug] [2024-07-31T06:14:43.799Z] ----------------------------------------------------------------------
[debug] 
[debug] [2024-07-31T06:14:43.805Z] >>> [apiv2][query] GET https://firebase-public.firebaseio.com/cli.json [none]
[debug] [2024-07-31T06:14:43.912Z] > command requires scopes: ["email","openid","https://www.googleapis.com/auth/cloudplatformprojects.readonly","https://www.googleapis.com/auth/firebase","https://www.googleapis.com/auth/cloud-platform"]
[debug] [2024-07-31T06:14:43.922Z] > authorizing via signed-in user (satraaliyu28@gmail.com)
[info] 
     ######## #### ########  ######## ########     ###     ######  ########
     ##        ##  ##     ## ##       ##     ##  ##   ##  ##       ##
     ######    ##  ########  ######   ########  #########  ######  ######
     ##        ##  ##    ##  ##       ##     ## ##     ##       ## ##
     ##       #### ##     ## ######## ########  ##     ##  ######  ########

You're about to initialize a Firebase project in this directory:

  C:\Users\Satra Shufi\Documents\GitHub\Password_Manager\server

[debug] [2024-07-31T06:14:44.588Z] <<< [apiv2][status] GET https://firebase-public.firebaseio.com/cli.json 200
[debug] [2024-07-31T06:14:44.589Z] <<< [apiv2][body] GET https://firebase-public.firebaseio.com/cli.json {"cloudBuildErrorAfter":1594252800000,"cloudBuildWarnAfter":1590019200000,"defaultNode10After":1594252800000,"minVersion":"3.0.5","node8DeploysDisabledAfter":1613390400000,"node8RuntimeDisabledAfter":1615809600000,"node8WarnAfter":1600128000000}
